Arguments: 
  /usr/local/bin/node /usr/local/Cellar/yarn/1.13.0/libexec/bin/yarn.js add css-grid-kiss -D

PATH: 
  /usr/local/lib/node_modules/npm/node_modules/npm-lifecycle/node-gyp-bin:/Users/kang-yuchan/Documents/postCSS/node_modules/.bin:/Users/kang-yuchan/.rvm/gems/ruby-2.5.1/bin:/Users/kang-yuchan/.rvm/gems/ruby-2.5.1@global/bin:/Users/kang-yuchan/.rvm/rubies/ruby-2.5.1/bin:/usr/local/bin:/usr/bin:/bin:/usr/sbin:/sbin:/Users/kang-yuchan/.rvm/gems/ruby-2.5.1/bin:/Users/kang-yuchan/.rvm/gems/ruby-2.5.1@global/bin:/Users/kang-yuchan/.rvm/rubies/ruby-2.5.1/bin:/Users/kang-yuchan/.rvm/bin:/Users/kang-yuchan/.rvm/bin

Yarn version: 
  1.13.0

Node version: 
  10.16.0

Platform: 
  darwin x64

Trace: 
  Error: https://registry.npmjs.org/css-grid-kiss: Not found
      at Request.params.callback [as _callback] (/usr/local/Cellar/yarn/1.13.0/libexec/lib/cli.js:66255:18)
      at Request.self.callback (/usr/local/Cellar/yarn/1.13.0/libexec/lib/cli.js:129397:22)
      at Request.emit (events.js:198:13)
      at Request.<anonymous> (/usr/local/Cellar/yarn/1.13.0/libexec/lib/cli.js:130369:10)
      at Request.emit (events.js:198:13)
      at IncomingMessage.<anonymous> (/usr/local/Cellar/yarn/1.13.0/libexec/lib/cli.js:130291:12)
      at Object.onceWrapper (events.js:286:20)
      at IncomingMessage.emit (events.js:203:15)
      at endReadableNT (_stream_readable.js:1129:12)
      at process._tickCallback (internal/process/next_tick.js:63:19)

npm manifest: 
  {
  	"name": "postCSS",
  	"version": "1.0.0",
  	"description": "CSS4, PostCSS, Grid, Flexbox, CSSNext",
  	"scripts": {
  		"start": "parcel index.html"
  	},
  	"keywords": [],
  	"author": "",
  	"license": "ISC",
  	"dependencies": {
  		"postcss-grid-kiss": "^2.3.0",
  		"postcss-preset-env": "^6.7.0"
  	},
  	"postcss": {
  		"plugins": {
  			"postcss-preset-env": {
  				"stage": 0
  			},
  			"css-grid-kiss": true,
  			"postcss-color-mod-function": {}
  		}
  	},
  	"devDependencies": {
  		"postcss-color-mod-function": "^3.0.3"
  	}
  }

yarn manifest: 
  No manifest

Lockfile: 
  No lockfile
